[debug] [2020-09-08T21:18:52.550Z] ----------------------------------------------------------------------
[debug] [2020-09-08T21:18:52.552Z] Command:       C:\Program Files\nodejs\node.exe C:\Users\lenovo\AppData\Roaming\npm\node_modules\firebase-tools\lib\bin\firebase.js init
[debug] [2020-09-08T21:18:52.552Z] CLI Version:   8.10.0
[debug] [2020-09-08T21:18:52.552Z] Platform:      win32
[debug] [2020-09-08T21:18:52.552Z] Node Version:  v12.16.1
[debug] [2020-09-08T21:18:52.553Z] Time:          Wed Sep 09 2020 02:48:52 GMT+0530 (India Standard Time)
[debug] [2020-09-08T21:18:52.554Z] ----------------------------------------------------------------------
[debug] [2020-09-08T21:18:52.554Z] 
[debug] [2020-09-08T21:18:52.562Z] > command requires scopes: ["email","openid","https://www.googleapis.com/auth/cloudplatformprojects.readonly","https://www.googleapis.com/auth/firebase","https://www.googleapis.com/auth/cloud-platform"]
[debug] [2020-09-08T21:18:52.562Z] > authorizing via signed-in user
[info] 
     ######## #### ########  ######## ########     ###     ######  ########
     ##        ##  ##     ## ##       ##     ##  ##   ##  ##       ##
     ######    ##  ########  ######   ########  #########  ######  ######
     ##        ##  ##    ##  ##       ##     ## ##     ##       ## ##
     ##       #### ##     ## ######## ########  ##     ##  ######  ########

You're about to initialize a Firebase project in this directory:

  C:\Users\lenovo

Before we get started, keep in mind:

  * You are initializing in an existing Firebase project directory

[info] 
=== Project Setup
[info] 
[info] First, let's associate this project directory with a Firebase project.
[info] You can create multiple project aliases by running firebase use --add, 
[info] but for now we'll just set up a default project.
[info] 
[info] i  .firebaserc already has a default project, using tinder-clone-87c4b. 
[debug] [2020-09-08T21:18:58.882Z] >>> HTTP REQUEST GET https://firebase.googleapis.com/v1beta1/projects/tinder-clone-87c4b  
 
[debug] [2020-09-08T21:19:00.407Z] <<< HTTP RESPONSE 200 {"content-type":"application/json; charset=UTF-8","vary":"X-Origin, Referer, Origin,Accept-Encoding","date":"Tue, 08 Sep 2020 21:19:02 GMT","server":"ESF","cache-control":"private","x-xss-protection":"0","x-frame-options":"SAMEORIGIN","x-content-type-options":"nosniff","alt-svc":"h3-29=\":443\"; ma=2592000,h3-27=\":443\"; ma=2592000,h3-T051=\":443\"; ma=2592000,h3-T050=\":443\"; ma=2592000,h3-Q050=\":443\"; ma=2592000,h3-Q046=\":443\"; ma=2592000,h3-Q043=\":443\"; ma=2592000,quic=\":443\"; ma=2592000; v=\"46,43\"","accept-ranges":"none","transfer-encoding":"chunked"}
[info] 
=== Hosting Setup
[info] 
[info] Your public directory is the folder (relative to your project directory) that
[info] will contain Hosting assets to be uploaded with firebase deploy. If you
[info] have a build process for your assets, use your build's output directory.
[info] 
